This is pdfTeX, Version 3.14159265-2.6-1.40.17 (MiKTeX 2.9.6100 64-bit) (preloaded format=pdflatex 2016.12.14)  8 MAY 2018 11:40
entering extended mode
**./DP_Mor√°vek_Marcel_2018.tex
(DP_Mor√°vek_Marcel_2018.tex
LaTeX2e <2016/03/31> patch level 3
Babel <3.9r> and hyphenation patterns for 75 language(s) loaded.
(FITthesis.cls
Document Class: FITthesis 2013/05/06 CTU FIT standard class for theses
("D:\Apps\MiKTeX 2.9\tex\latex\memoir\memoir.cls"
Document Class: memoir 2016/05/16 v3.7f configurable book, report, article docu
ment class
\onelineskip=\skip41
\lxvchars=\skip42
\xlvchars=\skip43
\@memcnta=\count79
\c@@memmarkcntra=\count80
\l@nohyphenation=\language75
("D:\Apps\MiKTeX 2.9\tex\generic\oberdiek\ifpdf.sty"
Package: ifpdf 2016/05/14 v3.1 Provides the ifpdf switch
)
("D:\Apps\MiKTeX 2.9\tex\latex\ifetex\ifetex.sty"
Package: ifetex 2011/12/15 v1.2 ifetex

("D:\Apps\MiKTeX 2.9\tex\plain\ifetex\ifetex.tex"))
("D:\Apps\MiKTeX 2.9\tex\generic\ifxetex\ifxetex.sty"
Package: ifxetex 2010/09/12 v0.6 Provides ifxetex conditional
)
("D:\Apps\MiKTeX 2.9\tex\generic\oberdiek\ifluatex.sty"
Package: ifluatex 2016/05/16 v1.4 Provides the ifluatex switch (HO)
Package ifluatex Info: LuaTeX not detected.
)
\stockheight=\skip44
\stockwidth=\skip45
\trimtop=\skip46
\trimedge=\skip47

("D:\Apps\MiKTeX 2.9\tex\latex\memoir\mem11.clo"
File: mem11.clo 2008/01/30 v0.3 memoir class 11pt size option
)
\binding=\skip48
\spinemargin=\skip49
\foremargin=\skip50
\uppermargin=\skip51
\lowermargin=\skip52
\headdrop=\skip53
\normalrulethickness=\skip54
\mem@maxheadheight=\skip55
\mem@maxfootheight=\skip56
\headwidth=\skip57
\c@storedpagenumber=\count81
\memPD=\dimen102
\m@mabparskip=\skip58
\thanksmarkwidth=\skip59
\thanksmarksep=\skip60
\droptitle=\skip61
\c@book=\count82
\c@part=\count83
\c@chapter=\count84
\c@section=\count85
\c@subsection=\count86
\c@subsubsection=\count87
\c@paragraph=\count88
\c@subparagraph=\count89
\beforechapskip=\skip62
\midchapskip=\skip63
\afterchapskip=\skip64
\chapindent=\skip65
\bottomsectionskip=\skip66
\secindent=\skip67
\beforesecskip=\skip68
\aftersecskip=\skip69
\subsecindent=\skip70
\beforesubsecskip=\skip71
\aftersubsecskip=\skip72
\subsubsecindent=\skip73
\beforesubsubsecskip=\skip74
\aftersubsubsecskip=\skip75
\paraindent=\skip76
\beforeparaskip=\skip77
\afterparaskip=\skip78
\subparaindent=\skip79
\beforesubparaskip=\skip80
\aftersubparaskip=\skip81
\pfbreakskip=\skip82
\c@@ppsavesec=\count90
\c@@ppsaveapp=\count91
\ragrparindent=\dimen103
\everylistparindent=\dimen104
\parsepi=\skip83
\topsepi=\skip84
\itemsepi=\skip85
\parsepii=\skip86
\topsepii=\skip87
\topsepiii=\skip88
\itemsepii=\skip89
\itemsepiii=\skip90
\partopsepii=\skip91
\partopsepiii=\skip92
\m@msavetopsep=\skip93
\m@msavepartopsep=\skip94
\@enLab=\toks14
\abstitleskip=\skip95
\absleftindent=\skip96
\abs@leftindent=\dimen105
\absrightindent=\skip97
\absparindent=\skip98
\absparsep=\skip99
\c@vslineno=\count92
\c@poemline=\count93
\c@modulo@vs=\count94
\c@memfvsline=\count95
\vleftskip=\skip100
\vrightskip=\skip101
\stanzaskip=\skip102
\versewidth=\skip103
\vgap=\skip104
\vindent=\skip105
\vleftmargin=\dimen106
\c@verse=\count96
\c@chrsinstr=\count97
\beforepoemtitleskip=\skip106
\afterpoemtitleskip=\skip107
\c@poem=\count98
\beforePoemTitleskip=\skip108
\midPoemTitleskip=\skip109
\afterPoemTitleskip=\skip110
\col@sep=\dimen107
\extrarowheight=\dimen108
\NC@list=\toks15
\extratabsurround=\skip111
\backup@length=\skip112
\TX@col@width=\dimen109
\TX@old@table=\dimen110
\TX@old@col=\dimen111
\TX@target=\dimen112
\TX@delta=\dimen113
\TX@cols=\count99
\TX@ftn=\toks16
\heavyrulewidth=\dimen114
\lightrulewidth=\dimen115
\cmidrulewidth=\dimen116
\belowrulesep=\dimen117
\belowbottomsep=\dimen118
\aboverulesep=\dimen119
\abovetopsep=\dimen120
\cmidrulesep=\dimen121
\cmidrulekern=\dimen122
\defaultaddspace=\dimen123
\@cmidla=\count100
\@cmidlb=\count101
\@aboverulesep=\dimen124
\@belowrulesep=\dimen125
\@thisruleclass=\count102
\@lastruleclass=\count103
\@thisrulewidth=\dimen126
\ctableftskip=\skip113
\ctabrightskip=\skip114
\abovecolumnspenalty=\count104
\@linestogo=\count105
\@cellstogo=\count106
\@cellsincolumn=\count107
\crtok=\toks17
\@mincolumnwidth=\dimen127
\c@newflo@tctr=\count108
\mem@margin@floatbox=\box26
\@contcwidth=\skip115
\@contindw=\skip116
\abovecaptionskip=\skip117
\belowcaptionskip=\skip118
\subfloattopskip=\skip119
\subfloatcapskip=\skip120
\subfloatcaptopadj=\skip121
\subfloatbottomskip=\skip122
\subfloatlabelskip=\skip123
\subfloatcapmargin=\dimen128
\c@@contsubnum=\count109
\m@mscap@capbox=\box27
\m@mscap@fbox=\box28
\sidecapsep=\dimen129
\sidecapwidth=\dimen130
\m@m@tempdima=\dimen131
\m@mscapraise=\dimen132
\sidecapraise=\dimen133
\m@mscapmainwidth=\dimen134
\m@mscaplkern=\dimen135
\beforeepigraphskip=\skip124
\afterepigraphskip=\skip125
\epigraphwidth=\skip126
\epigraphrule=\skip127
LaTeX Info: Redefining \em on input line 7551.
LaTeX Info: Redefining \emph on input line 7559.
\tocentryskip=\skip128
\tocbaseline=\skip129
\cftparskip=\skip130
\cftbeforebookskip=\skip131
\cftbookindent=\dimen136
\cftbooknumwidth=\dimen137
\cftbeforepartskip=\skip132
\cftpartindent=\skip133
\cftpartnumwidth=\skip134
\cftbeforechapterskip=\skip135
\cftchapterindent=\skip136
\cftchapternumwidth=\skip137
\cftbeforesectionskip=\skip138
\cftsectionindent=\skip139
\cftsectionnumwidth=\skip140
\cftbeforesubsectionskip=\skip141
\cftsubsectionindent=\skip142
\cftsubsectionnumwidth=\skip143
\cftbeforesubsubsectionskip=\skip144
\cftsubsubsectionindent=\skip145
\cftsubsubsectionnumwidth=\skip146
\cftbeforeparagraphskip=\skip147
\cftparagraphindent=\skip148
\cftparagraphnumwidth=\skip149
\cftbeforesubparagraphskip=\skip150
\cftsubparagraphindent=\skip151
\cftsubparagraphnumwidth=\skip152
\prechapterprecisshift=\dimen138
\c@maxsecnumdepth=\count110
\bibindent=\dimen139
\bibitemsep=\skip153
\indexcolsep=\skip154
\indexrule=\skip155
\indexmarkstyle=\toks18
\@indexbox=\insert199
\glossarycolsep=\dimen140
\glossaryrule=\dimen141
\sideparvshift=\skip156
\sideins=\insert198
\sidebartopsep=\skip157
\sidebarhsep=\skip158
\sidebarvsep=\skip159
\sidebarwidth=\skip160
\footmarkwidth=\skip161
\footmarksep=\skip162
\footparindent=\skip163
\footinsdim=\skip164
\footinsv@r=\insert197
\@mpfootinsv@r=\insert196
\m@m@k=\count111
\m@m@h=\dimen142
\m@mipn@skip=\skip165
\sidefootins=\insert195
\sidefootadjust=\skip166
\sidefootheight=\skip167
\sidefoothsep=\skip168
\sidefootvsep=\skip169
\sidefootwidth=\skip170
\m@mdownsf=\skip171
\c@sidefootnote=\count112
\sidefootmarkwidth=\skip172
\sidefootmarksep=\skip173
\sidefootparindent=\skip174
\c@pagenote=\count113
\c@pagenoteshadow=\count114
\mem@pn@lastkern=\skip175
\every@verbatim=\toks19
\afterevery@verbatim=\toks20
\verbatim@line=\toks21
\tab@position=\count115
\verbatim@in@stream=\read1
\verbatimindent=\skip176
\verbatim@out=\write3
\bvboxsep=\skip177
\c@memfbvline=\count116
\c@bvlinectr=\count117
\bvnumlength=\skip178
\fb@frw=\dimen143
\fb@frh=\dimen144
\FrameRule=\dimen145
\FrameSep=\dimen146
\c@cp@cntr=\count118
LaTeX Info: Redefining \: on input line 12068.
LaTeX Info: Redefining \! on input line 12070.
\c@ism@mctr=\count119
\c@xsm@mctr=\count120
\c@csm@mctr=\count121
\c@ksm@mctr=\count122
\c@xksm@mctr=\count123
\c@cksm@mctr=\count124
\c@msm@mctr=\count125
\c@xmsm@mctr=\count126
\c@cmsm@mctr=\count127
\c@bsm@mctr=\count128
\c@workm@mctr=\count129
\c@sheetsequence=\count130
\c@lastsheet=\count131
\c@lastpage=\count132
\c@figure=\count133
\c@lofdepth=\count134
\cftbeforefigureskip=\skip179
\cftfigureindent=\skip180
\cftfigurenumwidth=\skip181
\c@table=\count135
\c@lotdepth=\count136
\cftbeforetableskip=\skip182
\cfttableindent=\skip183
\cfttablenumwidth=\skip184
Package abstract [2008/07/23] emulated by memoir.
Package appendix [2008/07/23] emulated by memoir.
Package array [2008/09/09] emulated by memoir.
Package booktabs [2016/05/16] emulated by memoir.
Package ccaption [2008/07/23] emulated by memoir.
Package changepage [2008/07/23] emulated by memoir.
Package chngcntr [2008/07/23] emulated by memoir.
Package chngpage [2008/07/23] emulated by memoir.
Package crop emulated by memoir.
Package dcolumn [2008/07/23] emulated by memoir.
Package delarray [2008/07/23] emulated by memoir.
Package enumerate [2008/07/23] emulated by memoir.
Package epigraph [2008/07/23] emulated by memoir.
Package ifmtarg [2008/07/23] emulated by memoir.
Package index [2008/07/23] emulated by memoir.
Package makeidx [2008/07/23] emulated by memoir.
Package moreverb [2008/07/23] emulated by memoir.
Package mparhack [2008/07/23] emulated by memoir.
Package needspace [2008/07/23] emulated by memoir.
Package newfile [2008/07/23] emulated by memoir.
Package nextpage [2008/07/23] emulated by memoir.
Package pagenote [2008/07/23] emulated by memoir.
Package parskip [2008/07/23] emulated by memoir.
Package patchcmd [2008/07/23] emulated by memoir.
Package setspace [2008/07/23] emulated by memoir.
Package shortvrb [2008/07/23] emulated by memoir.
Package showidx [2008/07/23] emulated by memoir.
Package tabularx [2008/07/23] emulated by memoir.
Package titleref [2008/07/23] emulated by memoir.
Package titling [2008/07/23] emulated by memoir.
Package tocbibind [2008/07/23] emulated by memoir.
Package tocloft [2008/07/23] emulated by memoir.
Package tocvsec2 [2008/07/23] emulated by memoir.
Package verbatim [2008/07/23] emulated by memoir.
Package verse [2008/07/23] emulated by memoir.

("D:\Apps\MiKTeX 2.9\tex\latex\memoir\mempatch.sty"
Package: mempatch 2009/07/24 v6.0f Patches for memoir class v1.6180339
))
("D:\Apps\MiKTeX 2.9\tex\generic\babel\babel.sty"
Package: babel 2016/04/23 3.9r The Babel package

*************************************
* Local config file bblopts.cfg used
*
("D:\Apps\MiKTeX 2.9\tex\latex\arabi\bblopts.cfg"
File: bblopts.cfg 2005/09/08 v0.1 add Arabic and Farsi to "declared" options of
 babel
)
("D:\Apps\MiKTeX 2.9\tex\latex\babel-czech\czech.ldf"
Language: czech 2008/07/06 v3.1a Czech support from the babel system

("D:\Apps\MiKTeX 2.9\tex\generic\babel\babel.def"
File: babel.def 2016/04/23 3.9r Babel common definitions
\babel@savecnt=\count137
\U@D=\dimen147
)
Package babel Info: Making " an active character on input line 172.
\cs@wordlen=\count138
Package babel Info: Making - an active character on input line 226.
))
("D:\Apps\MiKTeX 2.9\tex\latex\hyperref\hyperref.sty"
Package: hyperref 2016/06/24 v6.83q Hypertext links for LaTeX

("D:\Apps\MiKTeX 2.9\tex\generic\oberdiek\hobsub-hyperref.sty"
Package: hobsub-hyperref 2016/05/16 v1.14 Bundle oberdiek, subset hyperref (HO)


("D:\Apps\MiKTeX 2.9\tex\generic\oberdiek\hobsub-generic.sty"
Package: hobsub-generic 2016/05/16 v1.14 Bundle oberdiek, subset generic (HO)
Package: hobsub 2016/05/16 v1.14 Construct package bundles (HO)
Package: infwarerr 2016/05/16 v1.4 Providing info/warning/error messages (HO)
Package: ltxcmds 2016/05/16 v1.23 LaTeX kernel commands for general use (HO)
Package hobsub Info: Skipping package `ifluatex' (already loaded).
Package: ifvtex 2016/05/16 v1.6 Detect VTeX and its facilities (HO)
Package ifvtex Info: VTeX not detected.
Package: intcalc 2016/05/16 v1.2 Expandable calculations with integers (HO)
Package hobsub Info: Skipping package `ifpdf' (already loaded).
Package: etexcmds 2016/05/16 v1.6 Avoid name clashes with e-TeX commands (HO)
Package etexcmds Info: Could not find \expanded.
(etexcmds)             That can mean that you are not using pdfTeX 1.50 or
(etexcmds)             that some package has redefined \expanded.
(etexcmds)             In the latter case, load this package earlier.
Package: kvsetkeys 2016/05/16 v1.17 Key value parser (HO)
Package: kvdefinekeys 2016/05/16 v1.4 Define keys (HO)
Package: pdftexcmds 2016/05/21 v0.22 Utility functions of pdfTeX for LuaTeX (HO
)
Package pdftexcmds Info: LuaTeX not detected.
Package pdftexcmds Info: \pdf@primitive is available.
Package pdftexcmds Info: \pdf@ifprimitive is available.
Package pdftexcmds Info: \pdfdraftmode found.
Package: pdfescape 2016/05/16 v1.14 Implements pdfTeX's escape features (HO)
Package: bigintcalc 2016/05/16 v1.4 Expandable calculations on big integers (HO
)
Package: bitset 2016/05/16 v1.2 Handle bit-vector datatype (HO)
Package: uniquecounter 2016/05/16 v1.3 Provide unlimited unique counter (HO)
)
Package hobsub Info: Skipping package `hobsub' (already loaded).
Package: letltxmacro 2016/05/16 v1.5 Let assignment for LaTeX macros (HO)
Package: hopatch 2016/05/16 v1.3 Wrapper for package hooks (HO)
Package: xcolor-patch 2016/05/16 xcolor patch
Package: atveryend 2016/05/16 v1.9 Hooks at the very end of document (HO)
Package atveryend Info: \enddocument detected (standard20110627).
Package: atbegshi 2016/06/09 v1.18 At begin shipout hook (HO)
Package: refcount 2016/05/16 v3.5 Data extraction from label references (HO)
Package: hycolor 2016/05/16 v1.8 Color options for hyperref/bookmark (HO)
)
("D:\Apps\MiKTeX 2.9\tex\latex\graphics\keyval.sty"
Package: keyval 2014/10/28 v1.15 key=value parser (DPC)
\KV@toks@=\toks22
)
("D:\Apps\MiKTeX 2.9\tex\latex\oberdiek\auxhook.sty"
Package: auxhook 2016/05/16 v1.4 Hooks for auxiliary files (HO)
)
("D:\Apps\MiKTeX 2.9\tex\latex\oberdiek\kvoptions.sty"
Package: kvoptions 2016/05/16 v3.12 Key value format for package options (HO)
)
\@linkdim=\dimen148
\Hy@linkcounter=\count139
\Hy@pagecounter=\count140

("D:\Apps\MiKTeX 2.9\tex\latex\hyperref\pd1enc.def"
File: pd1enc.def 2016/06/24 v6.83q Hyperref: PDFDocEncoding definition (HO)
)
\Hy@SavedSpaceFactor=\count141

("D:\Apps\MiKTeX 2.9\tex\latex\00miktex\hyperref.cfg"
File: hyperref.cfg 2002/06/06 v1.2 hyperref configuration of TeXLive
)
Package hyperref Info: Option `unicode' set `true' on input line 4362.

("D:\Apps\MiKTeX 2.9\tex\latex\hyperref\puenc.def"
File: puenc.def 2016/06/24 v6.83q Hyperref: PDF Unicode definition (HO)
)
Package hyperref Info: Option `pdfusetitle' set `true' on input line 4362.
Package hyperref Info: Hyper figures OFF on input line 4486.
Package hyperref Info: Link nesting OFF on input line 4491.
Package hyperref Info: Hyper index ON on input line 4494.
Package hyperref Info: Plain pages OFF on input line 4501.
Package hyperref Info: Backreferencing OFF on input line 4506.
Package hyperref Info: Implicit mode ON; LaTeX internals redefined.
Package hyperref Info: Bookmarks ON on input line 4735.
\c@Hy@tempcnt=\count142

("D:\Apps\MiKTeX 2.9\tex\latex\url\url.sty"
\Urlmuskip=\muskip10
Package: url 2013/09/16  ver 3.4  Verb mode for urls, etc.
)
LaTeX Info: Redefining \url on input line 5088.
\XeTeXLinkMargin=\dimen149
\Fld@menulength=\count143
\Field@Width=\dimen150
\Fld@charsize=\dimen151
Package hyperref Info: Hyper figures OFF on input line 6342.
Package hyperref Info: Link nesting OFF on input line 6347.
Package hyperref Info: Hyper index ON on input line 6350.
Package hyperref Info: backreferencing OFF on input line 6357.
Package hyperref Info: Link coloring OFF on input line 6362.
Package hyperref Info: Link coloring with OCG OFF on input line 6367.
Package hyperref Info: PDF/A mode OFF on input line 6372.
LaTeX Info: Redefining \ref on input line 6412.
LaTeX Info: Redefining \pageref on input line 6416.
\Hy@abspage=\count144
\c@Item=\count145
\c@Hfootnote=\count146
)
("D:\Apps\MiKTeX 2.9\tex\latex\memoir\memhfixc.sty"
Package: memhfixc 2013/05/30 v1.17 nameref/hyperref package fixes for memoir cl
ass
\c@memhycontfloat=\count147
\c@Hpagenote=\count148
)

Package hyperref Message: Driver (autodetected): hpdftex.

("D:\Apps\MiKTeX 2.9\tex\latex\hyperref\hpdftex.def"
File: hpdftex.def 2016/06/24 v6.83q Hyperref driver for pdfTeX
\Fld@listcount=\count149
\c@bookmark@seq@number=\count150

("D:\Apps\MiKTeX 2.9\tex\latex\oberdiek\rerunfilecheck.sty"
Package: rerunfilecheck 2016/05/16 v1.8 Rerun checks for auxiliary files (HO)
Package uniquecounter Info: New unique counter `rerunfilecheck' on input line 2
82.
)
\Hy@SectionHShift=\skip185
)
("D:\Apps\MiKTeX 2.9\tex\latex\lm\lmodern.sty"
Package: lmodern 2009/10/30 v1.6 Latin Modern Fonts
LaTeX Font Info:    Overwriting symbol font `operators' in version `normal'
(Font)                  OT1/cmr/m/n --> OT1/lmr/m/n on input line 22.
LaTeX Font Info:    Overwriting symbol font `letters' in version `normal'
(Font)                  OML/cmm/m/it --> OML/lmm/m/it on input line 23.
LaTeX Font Info:    Overwriting symbol font `symbols' in version `normal'
(Font)                  OMS/cmsy/m/n --> OMS/lmsy/m/n on input line 24.
LaTeX Font Info:    Overwriting symbol font `largesymbols' in version `normal'
(Font)                  OMX/cmex/m/n --> OMX/lmex/m/n on input line 25.
LaTeX Font Info:    Overwriting symbol font `operators' in version `bold'
(Font)                  OT1/cmr/bx/n --> OT1/lmr/bx/n on input line 26.
LaTeX Font Info:    Overwriting symbol font `letters' in version `bold'
(Font)                  OML/cmm/b/it --> OML/lmm/b/it on input line 27.
LaTeX Font Info:    Overwriting symbol font `symbols' in version `bold'
(Font)                  OMS/cmsy/b/n --> OMS/lmsy/b/n on input line 28.
LaTeX Font Info:    Overwriting symbol font `largesymbols' in version `bold'
(Font)                  OMX/cmex/m/n --> OMX/lmex/m/n on input line 29.
LaTeX Font Info:    Overwriting math alphabet `\mathbf' in version `normal'
(Font)                  OT1/cmr/bx/n --> OT1/lmr/bx/n on input line 31.
LaTeX Font Info:    Overwriting math alphabet `\mathsf' in version `normal'
(Font)                  OT1/cmss/m/n --> OT1/lmss/m/n on input line 32.
LaTeX Font Info:    Overwriting math alphabet `\mathit' in version `normal'
(Font)                  OT1/cmr/m/it --> OT1/lmr/m/it on input line 33.
LaTeX Font Info:    Overwriting math alphabet `\mathtt' in version `normal'
(Font)                  OT1/cmtt/m/n --> OT1/lmtt/m/n on input line 34.
LaTeX Font Info:    Overwriting math alphabet `\mathbf' in version `bold'
(Font)                  OT1/cmr/bx/n --> OT1/lmr/bx/n on input line 35.
LaTeX Font Info:    Overwriting math alphabet `\mathsf' in version `bold'
(Font)                  OT1/cmss/bx/n --> OT1/lmss/bx/n on input line 36.
LaTeX Font Info:    Overwriting math alphabet `\mathit' in version `bold'
(Font)                  OT1/cmr/bx/it --> OT1/lmr/bx/it on input line 37.
LaTeX Font Info:    Overwriting math alphabet `\mathtt' in version `bold'
(Font)                  OT1/cmtt/m/n --> OT1/lmtt/m/n on input line 38.
)
("D:\Apps\MiKTeX 2.9\tex\latex\base\fontenc.sty"
Package: fontenc 2016/06/19 v1.99m Standard LaTeX package

("D:\Apps\MiKTeX 2.9\tex\latex\base\t1enc.def"
File: t1enc.def 2016/06/19 v1.99m Standard LaTeX file
LaTeX Font Info:    Redeclaring font encoding T1 on input line 48.
))

******************************************************
Stock height and width: 845.04684pt by 597.50787pt
Top and edge trims: 0pt and 0pt
Page height and width: 845.04684pt by 597.50787pt
Text height and width: 595.80026pt by 369pt
Spine and edge margins: 113.81102pt and 114.69685pt
Upper and lower margins: 126.74379pt and 122.50279pt
Headheight and headsep: 13.6pt and 19.8738pt
Footskip: 27.46295pt
Columnsep and columnseprule: 10pt and 0pt
Marginparsep and marginparwidth: 7pt and 100.69685pt
Sidecapsep and sidecapwidth: 7pt and 101pt
Sidebarhsep and sidebarwidth: 7pt and 101pt
Sidebarvsep and sidebartopsep: 13.6pt and 0pt
Sidebarheight: 594.32022pt
Sidefoothsep and sidefootwidth: 7pt and 101pt
Sidefootvsep and sidefootheight: 13.6pt and 594.32022pt
******************************************************

("D:\Apps\MiKTeX 2.9\tex\latex\etoolbox\etoolbox.sty"
Package: etoolbox 2017/01/02 v2.4 e-TeX tools for LaTeX (JAW)
\etb@tempcnta=\count151
))
("D:\Apps\MiKTeX 2.9\tex\latex\base\inputenc.sty"
Package: inputenc 2015/03/17 v1.2c Input encoding file
\inpenc@prehook=\toks23
\inpenc@posthook=\toks24

("D:\Apps\MiKTeX 2.9\tex\latex\base\utf8.def"
File: utf8.def 2016/02/28 v1.1s UTF-8 support for inputenc
Now handling font encoding OML ...
... no UTF-8 mapping file for font encoding OML
Now handling font encoding T1 ...
... processing UTF-8 mapping file for font encoding T1

("D:\Apps\MiKTeX 2.9\tex\latex\base\t1enc.dfu"
File: t1enc.dfu 2016/02/28 v1.1s UTF-8 support for inputenc
   defining Unicode char U+00A0 (decimal 160)
   defining Unicode char U+00A1 (decimal 161)
   defining Unicode char U+00A3 (decimal 163)
   defining Unicode char U+00AB (decimal 171)
   defining Unicode char U+00AD (decimal 173)
   defining Unicode char U+00BB (decimal 187)
   defining Unicode char U+00BF (decimal 191)
   defining Unicode char U+00C0 (decimal 192)
   defining Unicode char U+00C1 (decimal 193)
   defining Unicode char U+00C2 (decimal 194)
   defining Unicode char U+00C3 (decimal 195)
   defining Unicode char U+00C4 (decimal 196)
   defining Unicode char U+00C5 (decimal 197)
   defining Unicode char U+00C6 (decimal 198)
   defining Unicode char U+00C7 (decimal 199)
   defining Unicode char U+00C8 (decimal 200)
   defining Unicode char U+00C9 (decimal 201)
   defining Unicode char U+00CA (decimal 202)
   defining Unicode char U+00CB (decimal 203)
   defining Unicode char U+00CC (decimal 204)
   defining Unicode char U+00CD (decimal 205)
   defining Unicode char U+00CE (decimal 206)
   defining Unicode char U+00CF (decimal 207)
   defining Unicode char U+00D0 (decimal 208)
   defining Unicode char U+00D1 (decimal 209)
   defining Unicode char U+00D2 (decimal 210)
   defining Unicode char U+00D3 (decimal 211)
   defining Unicode char U+00D4 (decimal 212)
   defining Unicode char U+00D5 (decimal 213)
   defining Unicode char U+00D6 (decimal 214)
   defining Unicode char U+00D8 (decimal 216)
   defining Unicode char U+00D9 (decimal 217)
   defining Unicode char U+00DA (decimal 218)
   defining Unicode char U+00DB (decimal 219)
   defining Unicode char U+00DC (decimal 220)
   defining Unicode char U+00DD (decimal 221)
   defining Unicode char U+00DE (decimal 222)
   defining Unicode char U+00DF (decimal 223)
   defining Unicode char U+00E0 (decimal 224)
   defining Unicode char U+00E1 (decimal 225)
   defining Unicode char U+00E2 (decimal 226)
   defining Unicode char U+00E3 (decimal 227)
   defining Unicode char U+00E4 (decimal 228)
   defining Unicode char U+00E5 (decimal 229)
   defining Unicode char U+00E6 (decimal 230)
   defining Unicode char U+00E7 (decimal 231)
   defining Unicode char U+00E8 (decimal 232)
   defining Unicode char U+00E9 (decimal 233)
   defining Unicode char U+00EA (decimal 234)
   defining Unicode char U+00EB (decimal 235)
   defining Unicode char U+00EC (decimal 236)
   defining Unicode char U+00ED (decimal 237)
   defining Unicode char U+00EE (decimal 238)
   defining Unicode char U+00EF (decimal 239)
   defining Unicode char U+00F0 (decimal 240)
   defining Unicode char U+00F1 (decimal 241)
   defining Unicode char U+00F2 (decimal 242)
   defining Unicode char U+00F3 (decimal 243)
   defining Unicode char U+00F4 (decimal 244)
   defining Unicode char U+00F5 (decimal 245)
   defining Unicode char U+00F6 (decimal 246)
   defining Unicode char U+00F8 (decimal 248)
   defining Unicode char U+00F9 (decimal 249)
   defining Unicode char U+00FA (decimal 250)
   defining Unicode char U+00FB (decimal 251)
   defining Unicode char U+00FC (decimal 252)
   defining Unicode char U+00FD (decimal 253)
   defining Unicode char U+00FE (decimal 254)
   defining Unicode char U+00FF (decimal 255)
   defining Unicode char U+0100 (decimal 256)
   defining Unicode char U+0101 (decimal 257)
   defining Unicode char U+0102 (decimal 258)
   defining Unicode char U+0103 (decimal 259)
   defining Unicode char U+0104 (decimal 260)
   defining Unicode char U+0105 (decimal 261)
   defining Unicode char U+0106 (decimal 262)
   defining Unicode char U+0107 (decimal 263)
   defining Unicode char U+0108 (decimal 264)
   defining Unicode char U+0109 (decimal 265)
   defining Unicode char U+010A (decimal 266)
   defining Unicode char U+010B (decimal 267)
   defining Unicode char U+010C (decimal 268)
   defining Unicode char U+010D (decimal 269)
   defining Unicode char U+010E (decimal 270)
   defining Unicode char U+010F (decimal 271)
   defining Unicode char U+0110 (decimal 272)
   defining Unicode char U+0111 (decimal 273)
   defining Unicode char U+0112 (decimal 274)
   defining Unicode char U+0113 (decimal 275)
   defining Unicode char U+0114 (decimal 276)
   defining Unicode char U+0115 (decimal 277)
   defining Unicode char U+0116 (decimal 278)
   defining Unicode char U+0117 (decimal 279)
   defining Unicode char U+0118 (decimal 280)
   defining Unicode char U+0119 (decimal 281)
   defining Unicode char U+011A (decimal 282)
   defining Unicode char U+011B (decimal 283)
   defining Unicode char U+011C (decimal 284)
   defining Unicode char U+011D (decimal 285)
   defining Unicode char U+011E (decimal 286)
   defining Unicode char U+011F (decimal 287)
   defining Unicode char U+0120 (decimal 288)
   defining Unicode char U+0121 (decimal 289)
   defining Unicode char U+0122 (decimal 290)
   defining Unicode char U+0123 (decimal 291)
   defining Unicode char U+0124 (decimal 292)
   defining Unicode char U+0125 (decimal 293)
   defining Unicode char U+0128 (decimal 296)
   defining Unicode char U+0129 (decimal 297)
   defining Unicode char U+012A (decimal 298)
   defining Unicode char U+012B (decimal 299)
   defining Unicode char U+012C (decimal 300)
   defining Unicode char U+012D (decimal 301)
   defining Unicode char U+012E (decimal 302)
   defining Unicode char U+012F (decimal 303)
   defining Unicode char U+0130 (decimal 304)
   defining Unicode char U+0131 (decimal 305)
   defining Unicode char U+0132 (decimal 306)
   defining Unicode char U+0133 (decimal 307)
   defining Unicode char U+0134 (decimal 308)
   defining Unicode char U+0135 (decimal 309)
   defining Unicode char U+0136 (decimal 310)
   defining Unicode char U+0137 (decimal 311)
   defining Unicode char U+0139 (decimal 313)
   defining Unicode char U+013A (decimal 314)
   defining Unicode char U+013B (decimal 315)
   defining Unicode char U+013C (decimal 316)
   defining Unicode char U+013D (decimal 317)
   defining Unicode char U+013E (decimal 318)
   defining Unicode char U+0141 (decimal 321)
   defining Unicode char U+0142 (decimal 322)
   defining Unicode char U+0143 (decimal 323)
   defining Unicode char U+0144 (decimal 324)
   defining Unicode char U+0145 (decimal 325)
   defining Unicode char U+0146 (decimal 326)
   defining Unicode char U+0147 (decimal 327)
   defining Unicode char U+0148 (decimal 328)
   defining Unicode char U+014A (decimal 330)
   defining Unicode char U+014B (decimal 331)
   defining Unicode char U+014C (decimal 332)
   defining Unicode char U+014D (decimal 333)
   defining Unicode char U+014E (decimal 334)
   defining Unicode char U+014F (decimal 335)
   defining Unicode char U+0150 (decimal 336)
   defining Unicode char U+0151 (decimal 337)
   defining Unicode char U+0152 (decimal 338)
   defining Unicode char U+0153 (decimal 339)
   defining Unicode char U+0154 (decimal 340)
   defining Unicode char U+0155 (decimal 341)
   defining Unicode char U+0156 (decimal 342)
   defining Unicode char U+0157 (decimal 343)
   defining Unicode char U+0158 (decimal 344)
   defining Unicode char U+0159 (decimal 345)
   defining Unicode char U+015A (decimal 346)
   defining Unicode char U+015B (decimal 347)
   defining Unicode char U+015C (decimal 348)
   defining Unicode char U+015D (decimal 349)
   defining Unicode char U+015E (decimal 350)
   defining Unicode char U+015F (decimal 351)
   defining Unicode char U+0160 (decimal 352)
   defining Unicode char U+0161 (decimal 353)
   defining Unicode char U+0162 (decimal 354)
   defining Unicode char U+0163 (decimal 355)
   defining Unicode char U+0164 (decimal 356)
   defining Unicode char U+0165 (decimal 357)
   defining Unicode char U+0168 (decimal 360)
   defining Unicode char U+0169 (decimal 361)
   defining Unicode char U+016A (decimal 362)
   defining Unicode char U+016B (decimal 363)
   defining Unicode char U+016C (decimal 364)
   defining Unicode char U+016D (decimal 365)
   defining Unicode char U+016E (decimal 366)
   defining Unicode char U+016F (decimal 367)
   defining Unicode char U+0170 (decimal 368)
   defining Unicode char U+0171 (decimal 369)
   defining Unicode char U+0172 (decimal 370)
   defining Unicode char U+0173 (decimal 371)
   defining Unicode char U+0174 (decimal 372)
   defining Unicode char U+0175 (decimal 373)
   defining Unicode char U+0176 (decimal 374)
   defining Unicode char U+0177 (decimal 375)
   defining Unicode char U+0178 (decimal 376)
   defining Unicode char U+0179 (decimal 377)
   defining Unicode char U+017A (decimal 378)
   defining Unicode char U+017B (decimal 379)
   defining Unicode char U+017C (decimal 380)
   defining Unicode char U+017D (decimal 381)
   defining Unicode char U+017E (decimal 382)
   defining Unicode char U+01CD (decimal 461)
   defining Unicode char U+01CE (decimal 462)
   defining Unicode char U+01CF (decimal 463)
   defining Unicode char U+01D0 (decimal 464)
   defining Unicode char U+01D1 (decimal 465)
   defining Unicode char U+01D2 (decimal 466)
   defining Unicode char U+01D3 (decimal 467)
   defining Unicode char U+01D4 (decimal 468)
   defining Unicode char U+01E2 (decimal 482)
   defining Unicode char U+01E3 (decimal 483)
   defining Unicode char U+01E6 (decimal 486)
   defining Unicode char U+01E7 (decimal 487)
   defining Unicode char U+01E8 (decimal 488)
   defining Unicode char U+01E9 (decimal 489)
   defining Unicode char U+01EA (decimal 490)
   defining Unicode char U+01EB (decimal 491)
   defining Unicode char U+01F0 (decimal 496)
   defining Unicode char U+01F4 (decimal 500)
   defining Unicode char U+01F5 (decimal 501)
   defining Unicode char U+0218 (decimal 536)
   defining Unicode char U+0219 (decimal 537)
   defining Unicode char U+021A (decimal 538)
   defining Unicode char U+021B (decimal 539)
   defining Unicode char U+1E02 (decimal 7682)
   defining Unicode char U+1E03 (decimal 7683)
   defining Unicode char U+200C (decimal 8204)
   defining Unicode char U+2010 (decimal 8208)
   defining Unicode char U+2011 (decimal 8209)
   defining Unicode char U+2012 (decimal 8210)
   defining Unicode char U+2013 (decimal 8211)
   defining Unicode char U+2014 (decimal 8212)
   defining Unicode char U+2015 (decimal 8213)
   defining Unicode char U+2018 (decimal 8216)
   defining Unicode char U+2019 (decimal 8217)
   defining Unicode char U+201A (decimal 8218)
   defining Unicode char U+201C (decimal 8220)
   defining Unicode char U+201D (decimal 8221)
   defining Unicode char U+201E (decimal 8222)
   defining Unicode char U+2030 (decimal 8240)
   defining Unicode char U+2031 (decimal 8241)
   defining Unicode char U+2039 (decimal 8249)
   defining Unicode char U+203A (decimal 8250)
   defining Unicode char U+2423 (decimal 9251)
)
Now handling font encoding OT1 ...
... processing UTF-8 mapping file for font encoding OT1

("D:\Apps\MiKTeX 2.9\tex\latex\base\ot1enc.dfu"
File: ot1enc.dfu 2016/02/28 v1.1s UTF-8 support for inputenc
   defining Unicode char U+00A0 (decimal 160)
   defining Unicode char U+00A1 (decimal 161)
   defining Unicode char U+00A3 (decimal 163)
   defining Unicode char U+00AD (decimal 173)
   defining Unicode char U+00B8 (decimal 184)
   defining Unicode char U+00BF (decimal 191)
   defining Unicode char U+00C5 (decimal 197)
   defining Unicode char U+00C6 (decimal 198)
   defining Unicode char U+00D8 (decimal 216)
   defining Unicode char U+00DF (decimal 223)
   defining Unicode char U+00E6 (decimal 230)
   defining Unicode char U+00EC (decimal 236)
   defining Unicode char U+00ED (decimal 237)
   defining Unicode char U+00EE (decimal 238)
   defining Unicode char U+00EF (decimal 239)
   defining Unicode char U+00F8 (decimal 248)
   defining Unicode char U+0131 (decimal 305)
   defining Unicode char U+0141 (decimal 321)
   defining Unicode char U+0142 (decimal 322)
   defining Unicode char U+0152 (decimal 338)
   defining Unicode char U+0153 (decimal 339)
   defining Unicode char U+0174 (decimal 372)
   defining Unicode char U+0175 (decimal 373)
   defining Unicode char U+0176 (decimal 374)
   defining Unicode char U+0177 (decimal 375)
   defining Unicode char U+0218 (decimal 536)
   defining Unicode char U+0219 (decimal 537)
   defining Unicode char U+021A (decimal 538)
   defining Unicode char U+021B (decimal 539)
   defining Unicode char U+2013 (decimal 8211)
   defining Unicode char U+2014 (decimal 8212)
   defining Unicode char U+2018 (decimal 8216)
   defining Unicode char U+2019 (decimal 8217)
   defining Unicode char U+201C (decimal 8220)
   defining Unicode char U+201D (decimal 8221)
)
Now handling font encoding OMS ...
... processing UTF-8 mapping file for font encoding OMS

("D:\Apps\MiKTeX 2.9\tex\latex\base\omsenc.dfu"
File: omsenc.dfu 2016/02/28 v1.1s UTF-8 support for inputenc
   defining Unicode char U+00A7 (decimal 167)
   defining Unicode char U+00B6 (decimal 182)
   defining Unicode char U+00B7 (decimal 183)
   defining Unicode char U+2020 (decimal 8224)
   defining Unicode char U+2021 (decimal 8225)
   defining Unicode char U+2022 (decimal 8226)
)
Now handling font encoding OMX ...
... no UTF-8 mapping file for font encoding OMX
Now handling font encoding U ...
... no UTF-8 mapping file for font encoding U
Now handling font encoding PD1 ...
... no UTF-8 mapping file for font encoding PD1
Now handling font encoding PU ...
... no UTF-8 mapping file for font encoding PU
   defining Unicode char U+00A9 (decimal 169)
   defining Unicode char U+00AA (decimal 170)
   defining Unicode char U+00AE (decimal 174)
   defining Unicode char U+00BA (decimal 186)
   defining Unicode char U+02C6 (decimal 710)
   defining Unicode char U+02DC (decimal 732)
   defining Unicode char U+200C (decimal 8204)
   defining Unicode char U+2026 (decimal 8230)
   defining Unicode char U+2122 (decimal 8482)
   defining Unicode char U+2423 (decimal 9251)
))
("D:\Apps\MiKTeX 2.9\tex\latex\float\float.sty"
Package: float 2001/11/08 v1.3d Float enhancements (AL)
\c@float@type=\count152
\float@exts=\toks25
\float@box=\box29
\@float@everytoks=\toks26
\@floatcapt=\box30
)
("D:\Apps\MiKTeX 2.9\tex\latex\listings\listings.sty"
\lst@mode=\count153
\lst@gtempboxa=\box31
\lst@token=\toks27
\lst@length=\count154
\lst@currlwidth=\dimen152
\lst@column=\count155
\lst@pos=\count156
\lst@lostspace=\dimen153
\lst@width=\dimen154
\lst@newlines=\count157
\lst@lineno=\count158
\lst@maxwidth=\dimen155

("D:\Apps\MiKTeX 2.9\tex\latex\listings\lstmisc.sty"
File: lstmisc.sty 2015/06/04 1.6 (Carsten Heinz)
\c@lstnumber=\count159
\lst@skipnumbers=\count160
\lst@framebox=\box32
)
("D:\Apps\MiKTeX 2.9\tex\latex\listings\listings.cfg"
File: listings.cfg 2015/06/04 1.6 listings configuration
))
Package: listings 2015/06/04 1.6 (Carsten Heinz)

("D:\Apps\MiKTeX 2.9\tex\latex\algorithms\algorithm.sty"
Package: algorithm 2009/08/24 v0.1 Document Style `algorithm' - floating enviro
nment

("D:\Apps\MiKTeX 2.9\tex\latex\base\ifthen.sty"
Package: ifthen 2014/09/29 v1.1c Standard LaTeX ifthen package (DPC)
)
\@float@every@algorithm=\toks28
\c@algorithm=\count161
)
("D:\Apps\MiKTeX 2.9\tex\latex\algorithms\algorithmic.sty"
Package: algorithmic 2009/08/24 v0.1 Document Style `algorithmic'
\c@ALC@unique=\count162
\c@ALC@line=\count163
\c@ALC@rem=\count164
\c@ALC@depth=\count165
\ALC@tlm=\skip186
\algorithmicindent=\skip187
)
("D:\Apps\MiKTeX 2.9\tex\latex\graphics\graphicx.sty"
Package: graphicx 2014/10/28 v1.0g Enhanced LaTeX Graphics (DPC,SPQR)

("D:\Apps\MiKTeX 2.9\tex\latex\graphics\graphics.sty"
Package: graphics 2016/07/10 v1.0t Standard LaTeX Graphics (DPC,SPQR)

("D:\Apps\MiKTeX 2.9\tex\latex\graphics\trig.sty"
Package: trig 2016/01/03 v1.10 sin cos tan (DPC)
)
("D:\Apps\MiKTeX 2.9\tex\latex\graphics-cfg\graphics.cfg"
File: graphics.cfg 2016/06/04 v1.11 sample graphics configuration
)
Package graphics Info: Driver file: pdftex.def on input line 99.

("D:\Apps\MiKTeX 2.9\tex\latex\graphics-def\pdftex.def"
File: pdftex.def 2016/07/10 v0.06j Graphics/color for pdfTeX
\Gread@gobject=\count166
))
\Gin@req@height=\dimen156
\Gin@req@width=\dimen157
)
("D:\Apps\MiKTeX 2.9\tex\latex\dirtree\dirtree.sty"
Package: dirtree 2012/12/11 v0.32 package wrapper for dirtree

("D:\Apps\MiKTeX 2.9\tex\generic\dirtree\dirtree.tex"
`dirtree' v0.32, 2012/12/11 (jcc)
\DT@offset=\dimen158
\DT@width=\dimen159
\DT@sep=\dimen160
\DT@all=\dimen161
\DT@rulewidth=\dimen162
\DT@dotwidth=\dimen163
\DTbaselineskip=\dimen164
\DT@counti=\count167
\DT@countii=\count168
\DT@countiii=\count169
\DT@countiv=\count170
\DT@indent=\dimen165
\DT@parskip=\dimen166
\DT@baselineskip=\dimen167
)
File: dirtree.tex 2012/12/11 v0.32 `dirtree' (jcc)
) (DP_Mor√°vek_Marcel_2018.aux

LaTeX Warning: Label `img:uc_sprava_poruch' multiply defined.


LaTeX Warning: Label `img:uc_sprava_poruch' multiply defined.


LaTeX Warning: Label `img:uc_sprava_poruch' multiply defined.


LaTeX Warning: Label `img:uc_sprava_poruch' multiply defined.


LaTeX Warning: Label `img:uc_sprava_poruch' multiply defined.


LaTeX Warning: Label `img:uc_sprava_poruch' multiply defined.


LaTeX Warning: Label `img:uc_sprava_poruch' multiply defined.


LaTeX Warning: Label `img:uc_sprava_poruch' multiply defined.


LaTeX Warning: Label `img:uc_sprava_poruch' multiply defined.


LaTeX Warning: Label `img:uc_sprava_poruch' multiply defined.


LaTeX Warning: Label `img:uc_sprava_poruch' multiply defined.


LaTeX Warning: Label `img:uc_sprava_poruch' multiply defined.


LaTeX Warning: Label `img:uc_sprava_poruch' multiply defined.


LaTeX Warning: Label `img:uc_sprava_poruch' multiply defined.


LaTeX Warning: Label `img:uc_sprava_poruch' multiply defined.


LaTeX Warning: Label `code:rfc_call' multiply defined.

)
\openout1 = `DP_Mor√°vek_Marcel_2018.aux'.

LaTeX Font Info:    Checking defaults for OML/cmm/m/it on input line 73.
LaTeX Font Info:    ... okay on input line 73.
LaTeX Font Info:    Checking defaults for T1/cmr/m/n on input line 73.
LaTeX Font Info:    ... okay on input line 73.
LaTeX Font Info:    Checking defaults for OT1/cmr/m/n on input line 73.
LaTeX Font Info:    ... okay on input line 73.
LaTeX Font Info:    Checking defaults for OMS/cmsy/m/n on input line 73.
LaTeX Font Info:    ... okay on input line 73.
LaTeX Font Info:    Checking defaults for OMX/cmex/m/n on input line 73.
LaTeX Font Info:    ... okay on input line 73.
LaTeX Font Info:    Checking defaults for U/cmr/m/n on input line 73.
LaTeX Font Info:    ... okay on input line 73.
LaTeX Font Info:    Checking defaults for PD1/pdf/m/n on input line 73.
LaTeX Font Info:    ... okay on input line 73.
LaTeX Font Info:    Checking defaults for PU/pdf/m/n on input line 73.
LaTeX Font Info:    ... okay on input line 73.
LaTeX Font Info:    Try loading font information for T1+lmr on input line 73.
 ("D:\Apps\MiKTeX 2.9\tex\latex\lm\t1lmr.fd"
File: t1lmr.fd 2009/10/30 v1.6 Font defs for Latin Modern
)
\AtBeginShipoutBox=\box33
Package hyperref Info: Link coloring OFF on input line 73.

("D:\Apps\MiKTeX 2.9\tex\latex\hyperref\nameref.sty"
Package: nameref 2016/05/21 v2.44 Cross-referencing by name of section

("D:\Apps\MiKTeX 2.9\tex\generic\oberdiek\gettitlestring.sty"
Package: gettitlestring 2016/05/16 v1.5 Cleanup title references (HO)
)
\c@section@level=\count171
)
Redoing nameref's sectioning
Redoing nameref's label
LaTeX Info: Redefining \nameref on input line 73.
LaTeX Info: Redefining \ref on input line 73.
LaTeX Info: Redefining \pageref on input line 73.
LaTeX Info: Redefining \nameref on input line 73.
(DP_Mor√°vek_Marcel_2018.out) (DP_Mor√°vek_Marcel_2018.out)
\@outlinefile=\write4
\openout4 = `DP_Mor√°vek_Marcel_2018.out'.

\c@lstlisting=\count172

("D:\Apps\MiKTeX 2.9\tex\context\base\supp-pdf.mkii"
[Loading MPS to PDF converter (version 2006.09.02).]
\scratchcounter=\count173
\scratchdimen=\dimen168
\scratchbox=\box34
\nofMPsegments=\count174
\nofMParguments=\count175
\everyMPshowfont=\toks29
\MPscratchCnt=\count176
\MPscratchDim=\dimen169
\MPnumerator=\count177
\makeMPintoPDFobject=\count178
\everyMPtoPDFconversion=\toks30
) ("D:\Apps\MiKTeX 2.9\tex\latex\oberdiek\epstopdf-base.sty"
Package: epstopdf-base 2016/05/15 v2.6 Base part for package epstopdf

("D:\Apps\MiKTeX 2.9\tex\latex\oberdiek\grfext.sty"
Package: grfext 2016/05/16 v1.2 Manage graphics extensions (HO)
)
Package epstopdf-base Info: Redefining graphics rule for `.eps' on input line 4
38.
Package grfext Info: Graphics extension search list:
(grfext)             [.png,.pdf,.jpg,.mps,.jpeg,.jbig2,.jb2,.PNG,.PDF,.JPG,.JPE
G,.JBIG2,.JB2,.eps]
(grfext)             \AppendGraphicsExtensions on input line 456.
) [1

{C:/ProgramData/MiKTeX/2.9/pdftex/config/pdftex.map}] [2

]
<cvut-logo-bw.pdf, id=149, 554.07pt x 193.29715pt>
File: cvut-logo-bw.pdf Graphic file (type pdf)
 <use cvut-logo-bw.pdf>
Package pdftex.def Info: cvut-logo-bw.pdf used on input line 73.
(pdftex.def)             Requested size: 184.5pt x 64.36635pt.

[1

 <./cvut-logo-bw.pdf>] [2

]

LaTeX Font Warning: Font shape `T1/lmr/bx/sc' undefined
(Font)              using `T1/lmr/bx/n' instead on input line 73.

LaTeX Font Info:    Try loading font information for T1+lmss on input line 73.
("D:\Apps\MiKTeX 2.9\tex\latex\lm\t1lmss.fd"
File: t1lmss.fd 2009/10/30 v1.6 Font defs for Latin Modern
)

LaTeX Font Warning: Font shape `T1/lmss/bx/sc' undefined
(Font)              using `T1/lmss/bx/n' instead on input line 73.

[3

] [4

] [5]
LaTeX Font Info:    Try loading font information for OMS+lmr on input line 73.
 ("D:\Apps\MiKTeX 2.9\tex\latex\lm\omslmr.fd"
File: omslmr.fd 2009/10/30 v1.6 Font defs for Latin Modern
)
LaTeX Font Info:    Try loading font information for OMS+lmsy on input line 73.


("D:\Apps\MiKTeX 2.9\tex\latex\lm\omslmsy.fd"
File: omslmsy.fd 2009/10/30 v1.6 Font defs for Latin Modern
)
LaTeX Font Info:    Font shape `OMS/lmr/m/n' in size <10.95> not available
(Font)              Font shape `OMS/lmsy/m/n' tried instead on input line 73.
 [6

] [7

] [8

]
(DP_Mor√°vek_Marcel_2018.toc
LaTeX Font Info:    Try loading font information for OT1+lmr on input line 4.
 ("D:\Apps\MiKTeX 2.9\tex\latex\lm\ot1lmr.fd"
File: ot1lmr.fd 2009/10/30 v1.6 Font defs for Latin Modern
)
LaTeX Font Info:    Try loading font information for OML+lmm on input line 4.

("D:\Apps\MiKTeX 2.9\tex\latex\lm\omllmm.fd"
File: omllmm.fd 2009/10/30 v1.6 Font defs for Latin Modern
)
LaTeX Font Info:    Try loading font information for OMX+lmex on input line 4.

("D:\Apps\MiKTeX 2.9\tex\latex\lm\omxlmex.fd"
File: omxlmex.fd 2009/10/30 v1.6 Font defs for Latin Modern
)
LaTeX Font Info:    External font `lmex10' loaded for size
(Font)              <10.95> on input line 4.
LaTeX Font Info:    External font `lmex10' loaded for size
(Font)              <8> on input line 4.
LaTeX Font Info:    External font `lmex10' loaded for size
(Font)              <6> on input line 4.
 [9]) [10]
(DP_Mor√°vek_Marcel_2018.lof [11

]) [12] (DP_Mor√°vek_Marcel_2018.lot) [13

]
[14

]pdfTeX warning (ext4): destination with the same identifier (name{page.1}) has
 been already used, duplicate ignored
<to be read again> 
                   \relax 
l.82 \chapter
             {C√≠l pr√°ce} [1

]pdfTeX warning (ext4): destination with the same identifier (name{page.2}) has
 been already used, duplicate ignored
<to be read again> 
                   \relax 
l.82 \chapter
             {C√≠l pr√°ce} [2

] [3] [4

] [5] [6]
<images/sap_r3.png, id=387, 765.86125pt x 730.73pt>
File: images/sap_r3.png Graphic file (type png)
 <use images/sap_r3.png>
Package pdftex.def Info: images/sap_r3.png used on input line 123.
(pdftex.def)             Requested size: 276.75pt x 264.05495pt.

[7pdfTeX warning (ext4): destination with the same identifier (name{figure.2.1}
) has been already used, duplicate ignored

\AtBegShi@Output ...ipout \box \AtBeginShipoutBox 
                                                  \fi \fi 
l.136 	\textbf
              {Project system (PS)}: Je n√°stroj pro spr√°vu dlouhodob√Ωch p...
 <./images/sap_r3.png (PNG copy)>] [8] [9] [10]
<images/pm_process.jpg, id=416, 754.31813pt x 536.75531pt>
File: images/pm_process.jpg Graphic file (type jpg)

<use images/pm_process.jpg>
Package pdftex.def Info: images/pm_process.jpg used on input line 220.
(pdftex.def)             Requested size: 369.0pt x 262.57011pt.
 [11pdfTeX warning (ext4): destination with the same identifier (name{figure.2.
2}) has been already used, duplicate ignored

\AtBegShi@Output ...ipout \box \AtBeginShipoutBox 
                                                  \fi \fi 
l.225 
       <./images/pm_process.jpg>]
<images/bsp.png, id=422, 480.79625pt x 360.34625pt>
File: images/bsp.png Graphic file (type png)
 <use images/bsp.png>
Package pdftex.def Info: images/bsp.png used on input line 235.
(pdftex.def)             Requested size: 276.75pt x 207.42291pt.

[12pdfTeX warning (ext4): destination with the same identifier (name{figure.2.3
}) has been already used, duplicate ignored

\AtBegShi@Output ...ipout \box \AtBeginShipoutBox 
                                                  \fi \fi 
l.240 
       <./images/bsp.png>] [13]
<images/fiori.jpg, id=434, 1476.51625pt x 808.01875pt>
File: images/fiori.jpg Graphic file (type jpg)
 <use images/fiori.jpg>
Package pdftex.def Info: images/fiori.jpg used on input line 271.
(pdftex.def)             Requested size: 369.0pt x 201.9302pt.

<images/fiori_arch.png, id=438, 967.36406pt x 545.03625pt>
File: images/fiori_arch.png Graphic file (type png)

<use images/fiori_arch.png>
Package pdftex.def Info: images/fiori_arch.png used on input line 280.
(pdftex.def)             Requested size: 369.0pt x 207.906pt.
 [14pdfTeX warning (ext4): destination with the same identifier (name{figure.2.
4}) has been already used, duplicate ignored

\AtBegShi@Output ...ipout \box \AtBeginShipoutBox 
                                                  \fi \fi 
l.283 \end{figure}
                   <./images/fiori.jpg>]
<images/mvc.png, id=450, 1081.03876pt x 1027.84pt>
File: images/mvc.png Graphic file (type png)
 <use images/mvc.png>
Package pdftex.def Info: images/mvc.png used on input line 294.
(pdftex.def)             Requested size: 184.5pt x 175.42056pt.

[15pdfTeX warning (ext4): destination with the same identifier (name{figure.2.5
}) has been already used, duplicate ignored

\AtBegShi@Output ...ipout \box \AtBeginShipoutBox 
                                                  \fi \fi 
l.297 \end{figure}
                   <./images/fiori_arch.png>] [16pdfTeX warning (ext4): destina
tion with the same identifier (name{figure.2.6}) has been already used, duplica
te ignored

\AtBegShi@Output ...ipout \box \AtBeginShipoutBox 
                                                  \fi \fi 
l.305 
       <./images/mvc.png>]
<images/json.jpg, id=470, 256.70906pt x 158.84344pt>
File: images/json.jpg Graphic file (type jpg)
 <use images/json.jpg>
Package pdftex.def Info: images/json.jpg used on input line 328.
(pdftex.def)             Requested size: 184.5pt x 114.16359pt.

Underfull \vbox (badness 1490) has occurred while \output is active []

 [17]
[18pdfTeX warning (ext4): destination with the same identifier (name{figure.2.7
}) has been already used, duplicate ignored

\AtBegShi@Output ...ipout \box \AtBeginShipoutBox 
                                                  \fi \fi 
l.338 \chapter
              {Anal√Ωza a n√°vrh aplikace} <./images/json.jpg>] [19

] [20]
[21]
Overfull \hbox (12.87239pt too wide) in paragraph at lines 401--403
[]\T1/lmr/bx/n/10.95 Pl·novacÌ sku-pin\T1/lmr/m/n/10.95 : Spo-£Ìv· ve v˝-b•ru s
ub-jektu zod-po-vÌ-da-jÌ-cÌho za ˙dr∫bu.
 []

[22]
Overfull \hbox (5.00351pt too wide) in paragraph at lines 424--425
\T1/lmr/m/n/10.95 NeeditovatelnÈ pa-ra-me-try bu-dou stejn• jako p∞i za-kl·-d·n
Ì po-∫a-davku na ˙dr∫bu
 []

[23] [24] [25] [26]
<images/ea_sprava_poruch.jpg, id=548, 846.16125pt x 618.81187pt>
File: images/ea_sprava_poruch.jpg Graphic file (type jpg)

<use images/ea_sprava_poruch.jpg>
Package pdftex.def Info: images/ea_sprava_poruch.jpg used on input line 500.
(pdftex.def)             Requested size: 369.0pt x 269.8514pt.
File: images/ea_sprava_poruch.jpg Graphic file (type jpg)
 <use images/ea_sprava_poruch.jpg>
Package pdftex.def Info: images/ea_sprava_poruch.jpg used on input line 509.
(pdftex.def)             Requested size: 369.0pt x 269.8514pt.

Underfull \vbox (badness 7649) has occurred while \output is active []

 [27pdfTeX warning (ext4): destination with the same identifier (name{figure.3.
1}) has been already used, duplicate ignored

\AtBegShi@Output ...ipout \box \AtBeginShipoutBox 
                                                  \fi \fi 
l.513 \subsubsection
                    {UC3: Spr√°va prevenc√≠} <./images/ea_sprava_poruch.jpg>]
File: images/ea_sprava_poruch.jpg Graphic file (type jpg)

<use images/ea_sprava_poruch.jpg>
Package pdftex.def Info: images/ea_sprava_poruch.jpg used on input line 518.
(pdftex.def)             Requested size: 369.0pt x 269.8514pt.

Underfull \vbox (badness 10000) has occurred while \output is active []

 [28pdfTeX warning (ext4): destination with the same identifier (name{figure.3.
2}) has been already used, duplicate ignored

\AtBegShi@Output ...ipout \box \AtBeginShipoutBox 
                                                  \fi \fi 
l.522 
      ] [29pdfTeX warning (ext4): destination with the same identifier (name{fi
gure.3.3}) has been already used, duplicate ignored

\AtBegShi@Output ...ipout \box \AtBeginShipoutBox 
                                                  \fi \fi 
l.523 \chapter
              {N√°vrh u≈æivatelsk√©ho rozhran√≠}] [30

]
<images/task_graph.png, id=574, 1061.9675pt x 1447.4075pt>
File: images/task_graph.png Graphic file (type png)

<use images/task_graph.png>
Package pdftex.def Info: images/task_graph.png used on input line 531.
(pdftex.def)             Requested size: 369.0pt x 502.934pt.

Underfull \vbox (badness 10000) has occurred while \output is active []

 [31]
Underfull \vbox (badness 10000) has occurred while \output is active []

 [32]
Overfull \vbox (14.54993pt too high) has occurred while \output is active []


[33pdfTeX warning (ext4): destination with the same identifier (name{figure.4.1
}) has been already used, duplicate ignored

\AtBegShi@Output ...ipout \box \AtBeginShipoutBox 
                                                  \fi \fi 
l.535 
       <./images/task_graph.png>]
<images/bal_login.jpg, id=589, 903.375pt x 602.25pt>
File: images/bal_login.jpg Graphic file (type jpg)

<use images/bal_login.jpg>
Package pdftex.def Info: images/bal_login.jpg used on input line 547.
(pdftex.def)             Requested size: 369.0pt x 246.00513pt.

<images/fiori_launchpad.png, id=590, 680.5425pt x 307.90031pt>
File: images/fiori_launchpad.png Graphic file (type png)

<use images/fiori_launchpad.png>
Package pdftex.def Info: images/fiori_launchpad.png used on input line 554.
(pdftex.def)             Requested size: 369.0pt x 166.94962pt.

<images/bal_homepage.jpg, id=591, 901.11656pt x 376.40625pt>
File: images/bal_homepage.jpg Graphic file (type jpg)

<use images/bal_homepage.jpg>
Package pdftex.def Info: images/bal_homepage.jpg used on input line 561.
(pdftex.def)             Requested size: 369.0pt x 154.13802pt.
 [34pdfTeX warning (ext4): destination with the same identifier (name{figure.4.
2}) has been already used, duplicate ignored

\AtBegShi@Output ...ipout \box \AtBeginShipoutBox 
                                                  \fi \fi 
l.565 
      pdfTeX warning (ext4): destination with the same identifier (name{figure.
4.3}) has been already used, duplicate ignored

\AtBegShi@Output ...ipout \box \AtBeginShipoutBox 
                                                  \fi \fi 
l.565 
       <./images/bal_login.jpg> <./images/fiori_launchpad.png>]
<images/bal_poruchy_seznam.jpg, id=599, 903.375pt x 473.51906pt>
File: images/bal_poruchy_seznam.jpg Graphic file (type jpg)

<use images/bal_poruchy_seznam.jpg>
Package pdftex.def Info: images/bal_poruchy_seznam.jpg used on input line 569.
(pdftex.def)             Requested size: 369.0pt x 193.42152pt.

<images/bal_poruchy_seznam_zalozeni_poruchy.jpg, id=600, 902.6222pt x 472.76625
pt>
File: images/bal_poruchy_seznam_zalozeni_poruchy.jpg Graphic file (type jpg)
 <use images/bal_poruchy_seznam_zalozeni_poruchy.jpg>
Package pdftex.def Info: images/bal_poruchy_seznam_zalozeni_poruchy.jpg used on
 input line 576.
(pdftex.def)             Requested size: 369.0pt x 193.27274pt.

Underfull \vbox (badness 10000) has occurred while \output is active []

 [35pdfTeX warning (ext4): destination with the same identifier (name{figure.4.
4}) has been already used, duplicate ignored

\AtBegShi@Output ...ipout \box \AtBeginShipoutBox 
                                                  \fi \fi 
l.580 
      pdfTeX warning (ext4): destination with the same identifier (name{figure.
4.5}) has been already used, duplicate ignored

\AtBegShi@Output ...ipout \box \AtBeginShipoutBox 
                                                  \fi \fi 
l.580 
       <./images/bal_homepage.jpg> <./images/bal_poruchy_seznam.jpg>]
<images/bal_login_hompage_mob.jpg, id=605, 578.91281pt x 555.57562pt>
File: images/bal_login_hompage_mob.jpg Graphic file (type jpg)

<use images/bal_login_hompage_mob.jpg>
Package pdftex.def Info: images/bal_login_hompage_mob.jpg used on input line 58
5.
(pdftex.def)             Requested size: 369.0pt x 354.12602pt.

Underfull \vbox (badness 10000) has occurred while \output is active []

 [36pdfTeX warning (ext4): destination with the same identifier (name{figure.4.
6}) has been already used, duplicate ignored

\AtBegShi@Output ...ipout \box \AtBeginShipoutBox 
                                                  \fi \fi 
l.589 
       <./images/bal_poruchy_seznam_zalozeni_poruchy.jpg>]
<images/bal_poruchy_mob.jpg, id=611, 581.92406pt x 560.0925pt>
File: images/bal_poruchy_mob.jpg Graphic file (type jpg)

<use images/bal_poruchy_mob.jpg>
Package pdftex.def Info: images/bal_poruchy_mob.jpg used on input line 592.
(pdftex.def)             Requested size: 369.0pt x 355.15909pt.

Underfull \vbox (badness 10000) has occurred while \output is active []

 [37pdfTeX warning (ext4): destination with the same identifier (name{figure.4.
7}) has been already used, duplicate ignored

\AtBegShi@Output ...ipout \box \AtBeginShipoutBox 
                                                  \fi \fi 
l.596 
       <./images/bal_login_hompage_mob.jpg>]
<images/bu_poruchy_seznam.jpg, id=616, 958.3303pt x 272.51813pt>
File: images/bu_poruchy_seznam.jpg Graphic file (type jpg)

<use images/bu_poruchy_seznam.jpg>
Package pdftex.def Info: images/bu_poruchy_seznam.jpg used on input line 603.
(pdftex.def)             Requested size: 369.0pt x 104.93019pt.

Underfull \vbox (badness 10000) has occurred while \output is active []

 [38pdfTeX warning (ext4): destination with the same identifier (name{figure.4.
8}) has been already used, duplicate ignored

\AtBegShi@Output ...ipout \box \AtBeginShipoutBox 
                                                  \fi \fi 
l.607 
       <./images/bal_poruchy_mob.jpg>]
<images/bu_zalozeni_poruchy.jpg, id=622, 950.80219pt x 316.93407pt>
File: images/bu_zalozeni_poruchy.jpg Graphic file (type jpg)

<use images/bu_zalozeni_poruchy.jpg>
Package pdftex.def Info: images/bu_zalozeni_poruchy.jpg used on input line 610.

(pdftex.def)             Requested size: 369.0pt x 122.99928pt.

<images/bu_poruchy_seznam_mob.jpg, id=623, 234.1247pt x 444.15938pt>
File: images/bu_poruchy_seznam_mob.jpg Graphic file (type jpg)

<use images/bu_poruchy_seznam_mob.jpg>
Package pdftex.def Info: images/bu_poruchy_seznam_mob.jpg used on input line 61
9.
(pdftex.def)             Requested size: 234.12411pt x 444.15828pt.

Underfull \vbox (badness 10000) has occurred while \output is active []

 [39pdfTeX warning (ext4): destination with the same identifier (name{figure.4.
9}) has been already used, duplicate ignored

\AtBegShi@Output ...ipout \box \AtBeginShipoutBox 
                                                  \fi \fi 
l.623 
      pdfTeX warning (ext4): destination with the same identifier (name{figure.
4.10}) has been already used, duplicate ignored

\AtBegShi@Output ...ipout \box \AtBeginShipoutBox 
                                                  \fi \fi 
l.623 
       <./images/bu_poruchy_seznam.jpg> <./images/bu_zalozeni_poruchy.jpg>]
<images/bu_zalozeni_poruchy_mob.jpg, id=631, 232.61906pt x 567.62062pt>
File: images/bu_zalozeni_poruchy_mob.jpg Graphic file (type jpg)

<use images/bu_zalozeni_poruchy_mob.jpg>
Package pdftex.def Info: images/bu_zalozeni_poruchy_mob.jpg used on input line 
626.
(pdftex.def)             Requested size: 232.61848pt x 567.61922pt.

Underfull \vbox (badness 10000) has occurred while \output is active []

 [40pdfTeX warning (ext4): destination with the same identifier (name{figure.4.
11}) has been already used, duplicate ignored

\AtBegShi@Output ...ipout \box \AtBeginShipoutBox 
                                                  \fi \fi 
l.630 
       <./images/bu_poruchy_seznam_mob.jpg>]
Overfull \vbox (1.1481pt too high) has occurred while \output is active []


[41pdfTeX warning (ext4): destination with the same identifier (name{figure.4.1
2}) has been already used, duplicate ignored

\AtBegShi@Output ...ipout \box \AtBeginShipoutBox 
                                                  \fi \fi 
l.630 
       <./images/bu_zalozeni_poruchy_mob.jpg>] [42] [43] [44

]
<images/architektura.png, id=664, 869.2475pt x 968.61874pt>
File: images/architektura.png Graphic file (type png)

<use images/architektura.png>
Package pdftex.def Info: images/architektura.png used on input line 684.
(pdftex.def)             Requested size: 369.0pt x 411.19196pt.

Underfull \vbox (badness 10000) has occurred while \output is active []

 [45]

LaTeX Warning: Reference `sec:architektura' on page 46 undefined on input line 
689.

[46pdfTeX warning (ext4): destination with the same identifier (name{figure.5.1
}) has been already used, duplicate ignored

\AtBegShi@Output ...ipout \box \AtBeginShipoutBox 
                                                  \fi \fi 
l.693 
       <./images/architektura.png>]
<images/erp_fm.jpg, id=676, 476.53032pt x 266.49562pt>
File: images/erp_fm.jpg Graphic file (type jpg)
 <use images/erp_fm.jpg>
Package pdftex.def Info: images/erp_fm.jpg used on input line 696.
(pdftex.def)             Requested size: 369.0pt x 206.36931pt.

<images/gw_json.jpg, id=678, 417.05812pt x 447.92343pt>
File: images/gw_json.jpg Graphic file (type jpg)

<use images/gw_json.jpg>
Package pdftex.def Info: images/gw_json.jpg used on input line 706.
(pdftex.def)             Requested size: 369.0pt x 396.32678pt.
 [47pdfTeX warning (ext4): destination with the same identifier (name{figure.5.
2}) has been already used, duplicate ignored

\AtBegShi@Output ...ipout \box \AtBeginShipoutBox 
                                                  \fi \fi 
l.709 \end{figure}
                   <./images/erp_fm.jpg>]
Package hyperref Info: bookmark level for unknown algorithm defaults to 0 on in
put line 723.
 [48pdfTeX warning (ext4): destination with the same identifier (name{figure.5.
3}) has been already used, duplicate ignored

\AtBegShi@Output ...ipout \box \AtBeginShipoutBox 
                                                  \fi \fi 
l.727 
       <./images/gw_json.jpg>]
<images/gw_db.jpg, id=690, 323.70938pt x 155.07938pt>
File: images/gw_db.jpg Graphic file (type jpg)
 <use images/gw_db.jpg>
Package pdftex.def Info: images/gw_db.jpg used on input line 732.
(pdftex.def)             Requested size: 323.70859pt x 155.07898pt.

[49pdfTeX warning (ext4): destination with the same identifier (name{figure.5.4
}) has been already used, duplicate ignored

\AtBegShi@Output ...ipout \box \AtBeginShipoutBox 
                                                  \fi \fi 
l.743 	\textbf
              {PMP\_USER\_ROLES}: Tabulka s ciz√≠m kl√≠ƒçem u≈æivatel. Prim√...
 <./images/gw_db.jpg>] [50] ("D:\Apps\MiKTeX 2.9\tex\latex\listings\lstlang1.st
y"
File: lstlang1.sty 2015/06/04 1.6 listings language file
) ("D:\Apps\MiKTeX 2.9\tex\latex\listings\lstmisc.sty"
File: lstmisc.sty 2015/06/04 1.6 (Carsten Heinz)
) [51]
<images/loginmodule_structure.jpg, id=734, 124.21407pt x 71.51718pt>
File: images/loginmodule_structure.jpg Graphic file (type jpg)

<use images/loginmodule_structure.jpg>
Package pdftex.def Info: images/loginmodule_structure.jpg used on input line 81
3.
(pdftex.def)             Requested size: 124.21375pt x 71.517pt.
LaTeX Font Info:    Try loading font information for T1+lmtt on input line 818.


("D:\Apps\MiKTeX 2.9\tex\latex\lm\t1lmtt.fd"
File: t1lmtt.fd 2009/10/30 v1.6 Font defs for Latin Modern
)
LaTeX Font Info:    Font shape `T1/lmtt/bx/n' in size <10.95> not available
(Font)              Font shape `T1/lmtt/b/n' tried instead on input line 818.
 [52pdfTeX warning (ext4): destination with the same identifier (name{figure.5.
5}) has been already used, duplicate ignored

\AtBegShi@Output ...ipout \box \AtBeginShipoutBox 
                                                  \fi \fi 
l.821 
       <./images/loginmodule_structure.jpg>]
Overfull \hbox (3.20811pt too wide) in paragraph at lines 834--835
\T1/lmr/m/n/10.95 ur-£enÌ kon-fi-gu-ra£-nÌho sou-boru slou∫Ì pa-ra-metr Djava.s
ecurity.auth.login.config.
 []

<images/gw_servlet_structure.jpg, id=751, 121.20282pt x 68.50594pt>
File: images/gw_servlet_structure.jpg Graphic file (type jpg)

<use images/gw_servlet_structure.jpg>
Package pdftex.def Info: images/gw_servlet_structure.jpg used on input line 840
.
(pdftex.def)             Requested size: 121.20251pt x 68.50577pt.

Overfull \hbox (25.20319pt too wide) in paragraph at lines 852--853
[][][][][][][][][][][][][][] 
 []

[53pdfTeX warning (ext4): destination with the same identifier (name{figure.5.6
}) has been already used, duplicate ignored

\AtBegShi@Output ...ipout \box \AtBeginShipoutBox 
                                                  \fi \fi 
l.864 
       <./images/gw_servlet_structure.jpg>]
<images/fiori_app_struct.jpg, id=764, 152.82094pt x 207.77625pt>
File: images/fiori_app_struct.jpg Graphic file (type jpg)

<use images/fiori_app_struct.jpg>
Package pdftex.def Info: images/fiori_app_struct.jpg used on input line 883.
(pdftex.def)             Requested size: 152.82054pt x 207.77573pt.
 [54] [55pdfTeX warning (ext4): destination with the same identifier (name{figu
re.5.7}) has been already used, duplicate ignored

\AtBegShi@Output ...ipout \box \AtBeginShipoutBox 
                                                  \fi \fi 
l.898 	\textbf
              {css}: Obsahuje soubory pro √∫pravu kask√°dov√Ωch styl≈Ø. Jeli...
 <./images/fiori_app_struct.jpg>]
Overfull \hbox (9.62715pt too wide) in paragraph at lines 909--928
\T1/lmr/m/n/10.95 dan· kom-po-nenta zob-ra-zo-vat. Na-p∞Ì-klad tla-£Ìtko pro sc
hv·-lenÌ ˙dr∫by
 []

[56] [57] <images/fiori_app_view_struct.jpg, id=809, 144.54pt x 163.3603pt>
File: images/fiori_app_view_struct.jpg Graphic file (type jpg)

<use images/fiori_app_view_struct.jpg>
Package pdftex.def Info: images/fiori_app_view_struct.jpg used on input line 95
0.
(pdftex.def)             Requested size: 144.53963pt x 163.3599pt.

Underfull \vbox (badness 1571) has occurred while \output is active []

 [58]
<images/fiori_app_controller_struct.jpg, id=815, 140.77594pt x 152.06813pt>
File: images/fiori_app_controller_struct.jpg Graphic file (type jpg)

<use images/fiori_app_controller_struct.jpg>
Package pdftex.def Info: images/fiori_app_controller_struct.jpg used on input l
ine 956.
(pdftex.def)             Requested size: 140.77557pt x 152.06775pt.

Underfull \vbox (badness 3098) has occurred while \output is active []

 [59pdfTeX warning (ext4): destination with the same identifier (name{figure.5.
8}) has been already used, duplicate ignored

\AtBegShi@Output ...ipout \box \AtBeginShipoutBox 
                                                  \fi \fi 
l.965 \paragraph
                {View} View je zadefinov√°no zp≈Øsobem zobrazen√©m v n√°sled...
pdfTeX warning (ext4): destination with the same identifier (name{figure.5.9}) 
has been already used, duplicate ignored

\AtBegShi@Output ...ipout \box \AtBeginShipoutBox 
                                                  \fi \fi 
l.965 \paragraph
                {View} View je zadefinov√°no zp≈Øsobem zobrazen√©m v n√°sled...
 <./images/fiori_app_view_struct.jpg> <./images/fiori_app_controller_struct.jpg
>]
Overfull \hbox (12.06308pt too wide) in paragraph at lines 982--983
[][][][][][][][][][][][][][][][] 
 []

[60]
Overfull \hbox (5.49303pt too wide) in paragraph at lines 997--999
[][][][][][][][][][][][][][][][][] 
 []

[61]
Underfull \vbox (badness 10000) has occurred while \output is active []

 [62]
<images/view_pm.png, id=892, 1271.5003pt x 442.65375pt>
File: images/view_pm.png Graphic file (type png)

<use images/view_pm.png>
Package pdftex.def Info: images/view_pm.png used on input line 1089.
(pdftex.def)             Requested size: 369.0pt x 128.46085pt.
 [63] [64pdfTeX warning (ext4): destination with the same identifier (name{figu
re.5.10}) has been already used, duplicate ignored

\AtBegShi@Output ...ipout \box \AtBeginShipoutBox 
                                                  \fi \fi 
l.1117 \paragraph
                 {Str√°nka} <./images/view_pm.png>]
<images/view_zalozeni_pu.png, id=943, 1242.14063pt x 499.11469pt>
File: images/view_zalozeni_pu.png Graphic file (type png)

<use images/view_zalozeni_pu.png>
Package pdftex.def Info: images/view_zalozeni_pu.png used on input line 1121.
(pdftex.def)             Requested size: 369.0pt x 148.26569pt.
 [65pdfTeX warning (ext4): destination with the same identifier (name{figure.5.
11}) has been already used, duplicate ignored

\AtBegShi@Output ...ipout \box \AtBeginShipoutBox 
                                                  \fi \fi 
l.1131 \paragraph
                 {View (desktop)} <./images/view_zalozeni_pu.png>]
Underfull \vbox (badness 6658) has occurred while \output is active []

 [66]
<images/view_vyroba.png, id=965, 1280.53406pt x 462.22687pt>
File: images/view_vyroba.png Graphic file (type png)

<use images/view_vyroba.png>
Package pdftex.def Info: images/view_vyroba.png used on input line 1165.
(pdftex.def)             Requested size: 369.0pt x 133.196pt.
 [67pdfTeX warning (ext4): destination with the same identifier (name{figure.5.
12}) has been already used, duplicate ignored

\AtBegShi@Output ...ipout \box \AtBeginShipoutBox 
                                                  \fi \fi 
l.1173 \paragraph
                 {View} <./images/view_vyroba.png>]
<images/view_udrzba.png, id=986, 1276.01718pt x 464.4853pt>
File: images/view_udrzba.png Graphic file (type png)

<use images/view_udrzba.png>
Package pdftex.def Info: images/view_udrzba.png used on input line 1185.
(pdftex.def)             Requested size: 369.0pt x 134.32166pt.

Underfull \vbox (badness 10000) has occurred while \output is active []

 [68]
Underfull \vbox (badness 10000) has occurred while \output is active []

 [69pdfTeX warning (ext4): destination with the same identifier (name{figure.5.
13}) has been already used, duplicate ignored

\AtBegShi@Output ...ipout \box \AtBeginShipoutBox 
                                                  \fi \fi 
l.1221 \paragraph
                 {Controller} <./images/view_udrzba.png>]
<images/view_administrace.jpg, id=1007, 961.34157pt x 366.61969pt>
File: images/view_administrace.jpg Graphic file (type jpg)

<use images/view_administrace.jpg>
Package pdftex.def Info: images/view_administrace.jpg used on input line 1227.
(pdftex.def)             Requested size: 369.0pt x 140.72665pt.
 [70]
<images/view_administrace_mob.png, id=1034, 611.28375pt x 545.03625pt>
File: images/view_administrace_mob.png Graphic file (type png)

<use images/view_administrace_mob.png>
Package pdftex.def Info: images/view_administrace_mob.png used on input line 12
34.
(pdftex.def)             Requested size: 221.40225pt x 197.40218pt.

<images/view_dialog.png, id=1036, 1268.48906pt x 505.89pt>
File: images/view_dialog.png Graphic file (type png)

<use images/view_dialog.png>
Package pdftex.def Info: images/view_dialog.png used on input line 1243.
(pdftex.def)             Requested size: 369.0pt x 147.15977pt.
 [71pdfTeX warning (ext4): destination with the same identifier (name{figure.5.
14}) has been already used, duplicate ignored

\AtBegShi@Output ...ipout \box \AtBeginShipoutBox 
                                                  \fi \fi 
l.1246 \end{figure}
                   pdfTeX warning (ext4): destination with the same identifier 
(name{figure.5.15}) has been already used, duplicate ignored

\AtBegShi@Output ...ipout \box \AtBeginShipoutBox 
                                                  \fi \fi 
l.1246 \end{figure}
                    <./images/view_administrace.jpg> <./images/view_administrac
e_mob.png>] [72pdfTeX warning (ext4): destination with the same identifier (nam
e{figure.5.16}) has been already used, duplicate ignored

\AtBegShi@Output ...ipout \box \AtBeginShipoutBox 
                                                  \fi \fi 
l.1257 \paragraph
                 {Str√°nka} <./images/view_dialog.png>]
<images/view_login.png, id=1055, 1280.53406pt x 285.31593pt>
File: images/view_login.png Graphic file (type png)

<use images/view_login.png>
Package pdftex.def Info: images/view_login.png used on input line 1260.
(pdftex.def)             Requested size: 369.0pt x 82.21707pt.

Underfull \vbox (badness 10000) has occurred while \output is active []

 [73pdfTeX warning (ext4): destination with the same identifier (name{figure.5.
17}) has been already used, duplicate ignored

\AtBegShi@Output ...ipout \box \AtBeginShipoutBox 
                                                  \fi \fi 
l.1290 
        <./images/view_login.png>]
<images/unit_test_success.jpg, id=1066, 659.46375pt x 209.28188pt>
File: images/unit_test_success.jpg Graphic file (type jpg)

<use images/unit_test_success.jpg>
Package pdftex.def Info: images/unit_test_success.jpg used on input line 1299.
(pdftex.def)             Requested size: 369.0pt x 117.10443pt.

<images/unit_test_error.jpg, id=1067, 659.46375pt x 216.05719pt>
File: images/unit_test_error.jpg Graphic file (type jpg)

<use images/unit_test_error.jpg>
Package pdftex.def Info: images/unit_test_error.jpg used on input line 1306.
(pdftex.def)             Requested size: 369.0pt x 120.89558pt.

Underfull \vbox (badness 10000) has occurred while \output is active []

 [74pdfTeX warning (ext4): destination with the same identifier (name{figure.5.
18}) has been already used, duplicate ignored

\AtBegShi@Output ...ipout \box \AtBeginShipoutBox 
                                                  \fi \fi 
l.1310 
        <./images/unit_test_success.jpg>]
Overfull \hbox (51.4834pt too wide) in paragraph at lines 1322--1323
[][][][][][][][][][][][][][][][][][][][][][][][][] 
 []


Underfull \vbox (badness 1675) has occurred while \output is active []

 [75pdfTeX warning (ext4): destination with the same identifier (name{figure.5.
19}) has been already used, duplicate ignored

\AtBegShi@Output ...ipout \box \AtBeginShipoutBox 
                                                  \fi \fi 
l.1341 
        <./images/unit_test_error.jpg>]
<images/eclipse_design.jpg, id=1114, 968.86969pt x 353.06906pt>
File: images/eclipse_design.jpg Graphic file (type jpg)

<use images/eclipse_design.jpg>
Package pdftex.def Info: images/eclipse_design.jpg used on input line 1347.
(pdftex.def)             Requested size: 369.0pt x 134.46933pt.
 [76pdfTeX warning (ext4): destination with the same identifier (name{figure.5.
20}) has been already used, duplicate ignored

\AtBegShi@Output ...ipout \box \AtBeginShipoutBox 
                                                  \fi \fi 
l.1357 
        <./images/eclipse_design.jpg>]
<images/web_ide_design.jpg, id=1122, 767.11594pt x 307.90031pt>
File: images/web_ide_design.jpg Graphic file (type jpg)

<use images/web_ide_design.jpg>
Package pdftex.def Info: images/web_ide_design.jpg used on input line 1361.
(pdftex.def)             Requested size: 369.0pt x 148.10994pt.

<images/web_ide_help1.jpg, id=1125, 342.5297pt x 74.52844pt>
File: images/web_ide_help1.jpg Graphic file (type jpg)

<use images/web_ide_help1.jpg>
Package pdftex.def Info: images/web_ide_help1.jpg used on input line 1370.
(pdftex.def)             Requested size: 369.0pt x 80.2939pt.
 [77pdfTeX warning (ext4): destination with the same identifier (name{figure.5.
21}) has been already used, duplicate ignored

\AtBegShi@Output ...ipout \box \AtBeginShipoutBox 
                                                  \fi \fi 
l.1373 \end{figure}
                    <./images/web_ide_design.jpg>]
<images/web_ide_help2.jpg, id=1132, 744.53156pt x 177.66376pt>
File: images/web_ide_help2.jpg Graphic file (type jpg)

<use images/web_ide_help2.jpg>
Package pdftex.def Info: images/web_ide_help2.jpg used on input line 1377.
(pdftex.def)             Requested size: 369.0pt x 88.05362pt.
 [78pdfTeX warning (ext4): destination with the same identifier (name{figure.5.
22}) has been already used, duplicate ignored

\AtBegShi@Output ...ipout \box \AtBeginShipoutBox 
                                                  \fi \fi 
l.1413 \end{center}
                   pdfTeX warning (ext4): destination with the same identifier 
(name{figure.5.23}) has been already used, duplicate ignored

\AtBegShi@Output ...ipout \box \AtBeginShipoutBox 
                                                  \fi \fi 
l.1413 \end{center}
                   pdfTeX warning (ext4): destination with the same identifier 
(name{table.5.1}) has been already used, duplicate ignored

\AtBegShi@Output ...ipout \box \AtBeginShipoutBox 
                                                  \fi \fi 
l.1413 \end{center}
                    <./images/web_ide_help1.jpg> <./images/web_ide_help2.jpg>]
[79] [80

] (DP_Mor√°vek_Marcel_2018.bbl [81] [82

]
bibitemlist

Underfull \hbox (badness 10000) in paragraph at lines 16--18
[]\T1/lmr/m/n/10.95 SAP PM - Over-view [on-line]. [cit. 2018-04-08]. Do-
 []


Underfull \hbox (badness 10000) in paragraph at lines 16--18
\T1/lmr/m/n/10.95 stupnÈ z: []$\T1/lmtt/m/n/10.95 https : / / sapui5\OML/lmm/m/
it/10.95 :\T1/lmtt/m/n/10.95 hana\OML/lmm/m/it/10.95 :\T1/lmtt/m/n/10.95 ondema
nd\OML/lmm/m/it/10.95 :\T1/lmtt/m/n/10.95 com / # / topic /
 []


Underfull \hbox (badness 10000) in paragraph at lines 24--27
[]\T1/lmr/m/n/10.95 NasazenÌm ERP sys-tÈmu pr·ce ne-kon£Ì, ale za-£Ìn·. \T1/lmr
/m/it/10.95 ER-P-
 []


Underfull \hbox (badness 10000) in paragraph at lines 24--27
\T1/lmr/m/it/10.95 Fo-rum [on-line]\T1/lmr/m/n/10.95 , kv•-ten 2018, [cit. 2018
-04-07]. Do-stupnÈ z:
 []


Underfull \hbox (badness 10000) in paragraph at lines 24--27
[]$\T1/lmtt/m/n/10.95 https : / / www\OML/lmm/m/it/10.95 :\T1/lmtt/m/n/10.95 er
pforum\OML/lmm/m/it/10.95 :\T1/lmtt/m/n/10.95 cz / erp -[] systemy / nasazenim 
-[] erp -[] systemu -[]
 []


Underfull \hbox (badness 5681) in paragraph at lines 29--32
[]\T1/lmr/m/n/10.95 Jak fun-guje j·-dro SAP? \T1/lmr/m/it/10.95 V: Pan-dat-ron 
- elek-tro-tech-nick˝ ma-
 []


Underfull \hbox (badness 10000) in paragraph at lines 29--32
\T1/lmr/m/it/10.95 ga-zÌn [on-line]\T1/lmr/m/n/10.95 , £er-ve-nec 2017, [cit. 2
018-04-16]. Do-stupnÈ z:
 []


Underfull \hbox (badness 10000) in paragraph at lines 29--32
[]$\T1/lmtt/m/n/10.95 https : / / www\OML/lmm/m/it/10.95 :\T1/lmtt/m/n/10.95 si
mplilearn\OML/lmm/m/it/10.95 :\T1/lmtt/m/n/10.95 com / sap -[] modules -[] sap 
-[] fi -[] sap -[] co -[] sap -[]
 []


Underfull \hbox (badness 2065) in paragraph at lines 34--36
[]\T1/lmr/m/n/10.95 SAP: \T1/lmr/m/it/10.95 SAP PM [on-line]\T1/lmr/m/n/10.95 .
 [cit. 2018-04-08]. Do-stupnÈ z: []$\T1/lmtt/m/n/10.95 https : / /
 []


Underfull \hbox (badness 7981) in paragraph at lines 50--52
[]\T1/lmr/m/n/10.95 SoftwarovÈ in-∫e-n˝r-stvÌ I.[online]. [cit. 2018-04-16]. Do
-stupnÈ z:
 []


Underfull \hbox (badness 10000) in paragraph at lines 50--52
[]$\T1/lmtt/m/n/10.95 https : / / edux\OML/lmm/m/it/10.95 :\T1/lmtt/m/n/10.95 f
it\OML/lmm/m/it/10.95 :\T1/lmtt/m/n/10.95 cvut\OML/lmm/m/it/10.95 :\T1/lmtt/m/n
/10.95 cz / archive / B171 / MI -[] PCM\OML/lmm/m/it/10.95 :\T1/lmtt/m/n/10.95 
16 / _media /
 []

[83]) [84] [85

] [86

] [87]
\tf@toc=\write5
\openout5 = `DP_Mor√°vek_Marcel_2018.toc'.

\tf@lof=\write6
\openout6 = `DP_Mor√°vek_Marcel_2018.lof'.

\tf@lot=\write7
\openout7 = `DP_Mor√°vek_Marcel_2018.lot'.

Package atveryend Info: Empty hook `BeforeClearDocument' on input line 1562.
Package atveryend Info: Empty hook `AfterLastShipout' on input line 1562.
 (DP_Mor√°vek_Marcel_2018.aux)
Package atveryend Info: Executing hook `AtVeryEndDocument' on input line 1562.
Package atveryend Info: Executing hook `AtEndAfterFileList' on input line 1562.

Package rerunfilecheck Info: File `DP_Mor√°vek_Marcel_2018.out' has not changed
.
(rerunfilecheck)             Checksum: 8A475AF5B5FB098414ABEE2DC7C392C3;4760.


LaTeX Font Warning: Some font shapes were not available, defaults substituted.


LaTeX Warning: There were undefined references.


LaTeX Warning: There were multiply-defined labels.

Package atveryend Info: Empty hook `AtVeryVeryEnd' on input line 1562.
 ) 
Here is how much of TeX's memory you used:
 16350 strings out of 493333
 225458 string characters out of 3143069
 384834 words of memory out of 3000000
 19159 multiletter control sequences out of 15000+200000
 69298 words of font info for 46 fonts, out of 3000000 for 9000
 1141 hyphenation exceptions out of 8191
 38i,11n,51p,1816b,1234s stack positions out of 5000i,500n,10000p,200000b,50000s
{D:/Apps/MiKTeX 2.9/fonts/enc/dvips/lm/lm-ec.enc}{D:/Apps/MiKTeX 2.9/fonts/en
c/dvips/lm/lm-mathit.enc}{D:/Apps/MiKTeX 2.9/fonts/enc/dvips/lm/lm-mathsy.enc}<
D:/Apps/MiKTeX 2.9/fonts/type1/public/lm/lmbx10.pfb><D:/Apps/MiKTeX 2.9/fonts/t
ype1/public/lm/lmbx12.pfb><D:/Apps/MiKTeX 2.9/fonts/type1/public/lm/lmbxi10.pfb
><D:/Apps/MiKTeX 2.9/fonts/type1/public/lm/lmcsc10.pfb><D:/Apps/MiKTeX 2.9/font
s/type1/public/lm/lmmi10.pfb><D:/Apps/MiKTeX 2.9/fonts/type1/public/lm/lmr10.pf
b><D:/Apps/MiKTeX 2.9/fonts/type1/public/lm/lmr12.pfb><D:/Apps/MiKTeX 2.9/fonts
/type1/public/lm/lmr8.pfb><D:/Apps/MiKTeX 2.9/fonts/type1/public/lm/lmri10.pfb>
<D:/Apps/MiKTeX 2.9/fonts/type1/public/lm/lmssbx10.pfb><D:/Apps/MiKTeX 2.9/font
s/type1/public/lm/lmsy10.pfb><D:/Apps/MiKTeX 2.9/fonts/type1/public/lm/lmtk10.p
fb><D:/Apps/MiKTeX 2.9/fonts/type1/public/lm/lmtt10.pfb>
Output written on DP_Mor√°vek_Marcel_2018.pdf (103 pages, 3294107 bytes).
PDF statistics:
 1355 PDF objects out of 1440 (max. 8388607)
 513 named destinations out of 1000 (max. 500000)
 493 words of extra memory for PDF output out of 10000 (max. 10000000)

