\BOOKMARK [0][-]{chapter*.5}{\376\377\000\332\000v\000o\000d}{}% 1
\BOOKMARK [1][-]{section*.6}{\376\377\000C\000\355\000l\000\040\000p\000r\000\341\000c\000e}{chapter*.5}% 2
\BOOKMARK [1][-]{section*.7}{\376\377\000C\000o\000\040\000n\000e\000n\000\355\000\040\000c\000\355\000l\000e\000m\000\040\000p\000r\000\341\000c\000e}{chapter*.5}% 3
\BOOKMARK [1][-]{section*.8}{\376\377\000S\000t\000r\000u\000k\000t\000u\000r\000a\000\040\000p\000r\000\341\000c\000e}{chapter*.5}% 4
\BOOKMARK [0][-]{chapter.1}{\376\377\000S\000A\000P}{}% 5
\BOOKMARK [1][-]{section.1.1}{\376\377\000S\000p\000o\000l\000e\001\015\000n\000o\000s\000t\000\040\000S\000A\000P}{chapter.1}% 6
\BOOKMARK [1][-]{section.1.2}{\376\377\000S\000A\000P\000\040\000E\000R\000P}{chapter.1}% 7
\BOOKMARK [1][-]{section.1.3}{\376\377\000S\000A\000P\000\040\000P\000l\000a\000n\000t\000\040\000M\000a\000i\000n\000t\000e\000n\000a\000n\000c\000e\000\040\000\050\000P\000M\000\051}{chapter.1}% 8
\BOOKMARK [1][-]{section.1.4}{\376\377\000S\000A\000P\000\040\000B\000S\000P}{chapter.1}% 9
\BOOKMARK [1][-]{section.1.5}{\376\377\000S\000A\000P\000\040\000F\000I\000O\000R\000I}{chapter.1}% 10
\BOOKMARK [0][-]{chapter.2}{\376\377\000A\000n\000a\000l\000\375\000z\000a}{}% 11
\BOOKMARK [1][-]{section.2.1}{\376\377\000Z\000\341\000k\000l\000a\000d\000n\000\355\000\040\000p\000o\000p\000i\000s\000\040\000a\000p\000l\000i\000k\000a\000c\000e}{chapter.2}% 12
\BOOKMARK [1][-]{section.2.2}{\376\377\000U\001\176\000i\000v\000a\000t\000e\000l\000s\000k\000\351\000\040\000r\000o\000l\000e}{chapter.2}% 13
\BOOKMARK [1][-]{section.2.3}{\376\377\000M\000o\000d\000e\000l\000\040\000p\000o\001\176\000a\000d\000a\000v\000k\001\157}{chapter.2}% 14
\BOOKMARK [1][-]{section.2.4}{\376\377\000M\000o\000d\000e\000l\000\040\000p\001\131\000\355\000p\000a\000d\001\157\000\040\000u\001\176\000i\000t\000\355\000\040\000\050\000U\000s\000e\000\040\000C\000a\000s\000e\000\040\000M\000o\000d\000e\000l\000\051}{chapter.2}% 15
\BOOKMARK [1][-]{section.2.5}{\376\377\000Z\000\341\000v\001\033\000r\000y\000\040\000a\000n\000a\000l\000\375\000z\000y}{chapter.2}% 16
\BOOKMARK [0][-]{chapter.3}{\376\377\000N\000\341\000v\000r\000h\000\040\000u\001\176\000i\000v\000a\000t\000e\000l\000s\000k\000\351\000h\000o\000\040\000r\000o\000z\000h\000r\000a\000n\000\355}{}% 17
\BOOKMARK [1][-]{section.3.1}{\376\377\000T\000a\000s\000k\000\040\000G\000r\000o\000u\000p\000s}{chapter.3}% 18
\BOOKMARK [1][-]{section.3.2}{\376\377\000T\000a\000s\000k\000\040\000G\000r\000a\000p\000h}{chapter.3}% 19
\BOOKMARK [1][-]{section.3.3}{\376\377\000L\000o\000-\000F\000i\000\040\000p\000r\000o\000t\000o\000t\000y\000p}{chapter.3}% 20
\BOOKMARK [1][-]{section.3.4}{\376\377\000H\000e\000u\000r\000i\000s\000t\000i\000c\000k\000\341\000\040\000a\000n\000a\000l\000\375\000z\000a}{chapter.3}% 21
\BOOKMARK [0][-]{chapter.4}{\376\377\000I\000m\000p\000l\000e\000m\000e\000n\000t\000a\000c\000e}{}% 22
\BOOKMARK [1][-]{section.4.1}{\376\377\000A\000r\000c\000h\000i\000t\000e\000k\000t\000u\000r\000a}{chapter.4}% 23
\BOOKMARK [1][-]{section.4.2}{\376\377\000S\000A\000P\000\040\000E\000R\000P}{chapter.4}% 24
\BOOKMARK [1][-]{section.4.3}{\376\377\000S\000A\000P\000\040\000G\000W}{chapter.4}% 25
\BOOKMARK [1][-]{section.4.4}{\376\377\000A\000p\000a\000c\000h\000e\000\040\000T\000o\000m\000c\000a\000t}{chapter.4}% 26
\BOOKMARK [1][-]{section.4.5}{\376\377\000P\000M\000\040\000S\000A\000P\000U\000I\0005\000\040\000A\000p\000l\000i\000k\000a\000c\000e}{chapter.4}% 27
\BOOKMARK [1][-]{section.4.6}{\376\377\000L\000O\000G\000I\000N\000\040\000S\000A\000P\000U\000I\0005\000\040\000A\000p\000l\000i\000k\000a\000c\000e}{chapter.4}% 28
\BOOKMARK [1][-]{section.4.7}{\376\377\000T\000e\000s\000t\000o\000v\000\341\000n\000\355}{chapter.4}% 29
\BOOKMARK [1][-]{section.4.8}{\376\377\000P\000o\000r\000o\000v\000n\000\341\000n\000\355\000\040\000v\000\375\000v\000o\000j\000o\000v\000\375\000c\000h\000\040\000p\000r\000o\000s\000t\001\131\000e\000d\000\355}{chapter.4}% 30
\BOOKMARK [1][-]{section.4.9}{\376\377\000D\000o\000p\000o\000r\000u\001\015\000e\000n\000\355\000\040\000p\000r\000o\000\040\000v\000\375\000v\000o\000j}{chapter.4}% 31
\BOOKMARK [0][-]{chapter*.56}{\376\377\000Z\000\341\000v\001\033\000r}{}% 32
\BOOKMARK [0][-]{section*.58}{\376\377\000L\000i\000t\000e\000r\000a\000t\000u\000r\000a}{}% 33
\BOOKMARK [0][-]{appendix.A}{\376\377\000S\000e\000z\000n\000a\000m\000\040\000p\000o\000u\001\176\000i\000t\000\375\000c\000h\000\040\000z\000k\000r\000a\000t\000e\000k}{}% 34
\BOOKMARK [0][-]{appendix.B}{\376\377\000O\000b\000s\000a\000h\000\040\000p\001\131\000i\000l\000o\001\176\000e\000n\000\351\000h\000o\000\040\000C\000D}{}% 35
